[2025-07-22T04:24:07.881Z] [INFO] Creating bot: Urawa1 on 57.128.201.180:8323
[2025-07-22T04:24:08.503Z] [INFO] Bot Urawa1 connected successfully
[2025-07-22T04:24:08.696Z] [INFO] [MapDownloader] Fetched map type: brutal
[2025-07-22T04:24:08.698Z] [INFO] [MapDownloader] Map "Stronghold" is already cached.
[2025-07-22T04:24:08.698Z] [INFO] Parsing map from C:\Users\Dell\Desktop\проектики\ddbot.js\data\maps\Stronghold.map to C:\Users\Dell\Desktop\проектики\ddbot.js\data\parsed\Stronghold.json
[2025-07-22T04:24:08.707Z] [INFO] Map downloaded and parsed
[2025-07-22T04:24:57.928Z] [INFO] Bot Urawa1 disconnected successfully
[2025-07-22T04:25:01.712Z] [INFO] Disconnected 0 bots
[2025-07-22T04:26:29.589Z] [INFO] [BotManager] Creating bot: Urawa1 on 57.128.201.180:8323
[2025-07-22T04:26:30.081Z] [INFO] [MapDownloader] Fetched map type: brutal
[2025-07-22T04:26:30.082Z] [INFO] [MapDownloader] Map "Stronghold" is already cached.
[2025-07-22T04:26:30.083Z] [INFO] [pyFather] Parsing map from C:\Users\Dell\Desktop\проектики\ddbot.js\data\maps\Stronghold.map to C:\Users\Dell\Desktop\проектики\ddbot.js\data\parsed\Stronghold.json
[2025-07-22T04:26:30.090Z] [INFO] Map downloaded and parsed
[2025-07-22T04:26:30.301Z] [INFO] [BotManager] Bot Urawa1 connected successfully
[2025-07-22T04:26:52.829Z] [INFO] [BotManager] Bot Urawa1 disconnected successfully
[2025-07-22T04:26:52.832Z] [INFO] [BotManager] Disconnected 1 bots
[2025-07-22T04:27:30.351Z] [INFO] [BotManager] Creating bot: Urawa1 on 57.128.201.180:8323
[2025-07-22T04:27:30.904Z] [INFO] [BotManager] Bot Urawa1 connected successfully
[2025-07-22T04:27:31.009Z] [INFO] [MapDownloader] Fetched map type: brutal
[2025-07-22T04:27:31.011Z] [INFO] [MapDownloader] Map "Stronghold" is already cached.
[2025-07-22T04:27:31.012Z] [INFO] [pyFather] Parsing map from C:\Users\Dell\Desktop\проектики\ddbot.js\data\maps\Stronghold.map to C:\Users\Dell\Desktop\проектики\ddbot.js\data\parsed\Stronghold.json
[2025-07-22T04:27:31.021Z] [INFO] [Main] Map downloaded and parsed
[2025-07-22T04:28:20.373Z] [INFO] [BotManager] Bot Urawa1 disconnected successfully
[2025-07-22T04:28:56.334Z] [INFO] [BotManager] Creating bot: Urawa1 on 57.128.201.180:8323
[2025-07-22T04:28:56.902Z] [INFO] [BotManager] Bot Urawa1 connected successfully
[2025-07-22T04:28:57.012Z] [INFO] [MapDownloader] Fetched map type: brutal
[2025-07-22T04:28:57.015Z] [INFO] [MapDownloader] Map "Stronghold" is already cached.
[2025-07-22T04:28:57.017Z] [INFO] [pyFather] Parsing map from C:\Users\Dell\Desktop\проектики\ddbot.js\data\maps\Stronghold.map to C:\Users\Dell\Desktop\проектики\ddbot.js\data\parsed\Stronghold.json
[2025-07-22T04:28:57.025Z] [INFO] [Main] Map downloaded and parsed
[2025-07-22T04:29:26.112Z] [INFO] [BotManager] Bot Urawa1 disconnected successfully
[2025-07-22T04:29:26.114Z] [INFO] [BotManager] Disconnected 1 bots
[2025-07-22T05:36:57.937Z] [INFO] [BotManager] Creating bot: Urawa1 on 57.128.201.180:8323
[2025-07-22T05:36:58.700Z] [INFO] [BotManager] Bot Urawa1 connected successfully
[2025-07-22T05:36:58.711Z] [INFO] [MapDownloader] Fetched map type: brutal
[2025-07-22T05:36:58.715Z] [INFO] [MapDownloader] Map "Stronghold" is already cached.
[2025-07-22T05:36:58.716Z] [INFO] [pyFather] Parsing map from C:\Users\Dell\Desktop\проектики\ddbot.js\data\maps\Stronghold.map to C:\Users\Dell\Desktop\проектики\ddbot.js\data\parsed\Stronghold.json
[2025-07-22T05:36:58.725Z] [INFO] [Main] Map downloaded and parsed
[2025-07-22T05:37:17.685Z] [INFO] [BotManager] Bot Urawa1 disconnected successfully
[2025-07-22T05:37:17.686Z] [INFO] [BotManager] Disconnected 1 bots
[2025-07-22T05:40:02.850Z] [INFO] [Main] Main started
[2025-07-22T05:40:02.855Z] [INFO] [BotManager] Creating bot: Urawa1 on 57.128.201.180:8323
[2025-07-22T05:40:03.500Z] [INFO] [BotManager] Bot Urawa1 connected successfully
[2025-07-22T05:40:03.538Z] [INFO] [MapDownloader] Fetched map type: brutal
[2025-07-22T05:40:03.539Z] [INFO] [MapDownloader] Map "Stronghold" is already cached.
[2025-07-22T05:40:03.539Z] [INFO] [pyFather] Parsing map from C:\Users\Dell\Desktop\проектики\ddbot.js\data\maps\Stronghold.map to C:\Users\Dell\Desktop\проектики\ddbot.js\data\parsed\Stronghold.json
[2025-07-22T05:40:03.549Z] [INFO] [Main] Map downloaded and parsed
[2025-07-22T05:40:52.872Z] [INFO] [BotManager] Bot Urawa1 disconnected successfully
[2025-07-22T05:40:52.874Z] [INFO] [BotManager] Disconnected 1 bots
[2025-07-22T05:57:36.838Z] [INFO] [Main] Main started
[2025-07-22T05:57:36.844Z] [INFO] [BotManager] Creating bot: Urawa1 on 57.128.201.180:8323
[2025-07-22T05:57:37.302Z] [INFO] [BotManager] Bot Urawa1 connected successfully
[2025-07-22T05:59:19.806Z] [INFO] [Main] Main started
[2025-07-22T05:59:19.812Z] [INFO] [BotManager] Creating bot: Urawa1 on 57.128.201.180:8323
[2025-07-22T05:59:20.303Z] [INFO] [BotManager] Bot Urawa1 connected successfully
[2025-07-22T05:59:20.512Z] [INFO] [MapDownloader] Fetched map type: brutal
[2025-07-22T05:59:20.514Z] [INFO] [MapDownloader] Map "Stronghold" is already cached.
[2025-07-22T05:59:20.514Z] [INFO] [Main] Map already parsed and loaded
[2025-07-22T05:59:31.970Z] [INFO] [BotManager] Bot Urawa1 disconnected successfully
[2025-07-22T05:59:31.971Z] [INFO] [BotManager] Disconnected 1 bots
[2025-07-22T06:00:02.055Z] [INFO] [Main] Main started
[2025-07-22T06:00:02.060Z] [INFO] [BotManager] Creating bot: Urawa1 on 57.128.201.180:8323
[2025-07-22T06:00:02.702Z] [INFO] [BotManager] Bot Urawa1 connected successfully
[2025-07-22T06:00:02.756Z] [INFO] [MapDownloader] Fetched map type: brutal
[2025-07-22T06:00:02.758Z] [INFO] [MapDownloader] Downloading map from: https://raw.githubusercontent.com/ddnet/ddnet-maps/master/types/brutal/maps/Stronghold.map
[2025-07-22T06:00:03.170Z] [INFO] [MapDownloader] Map "Stronghold" downloaded and cached.
[2025-07-22T06:00:03.171Z] [INFO] [pyFather] Parsing map from C:\Users\Dell\Desktop\проектики\ddbot.js\data\maps\Stronghold.map to C:\Users\Dell\Desktop\проектики\ddbot.js\data\parsed\Stronghold.json
[2025-07-22T06:00:03.178Z] [INFO] [Main] Map downloaded and parsed
[2025-07-22T06:00:10.458Z] [INFO] [BotManager] Bot Urawa1 disconnected successfully
[2025-07-22T06:00:10.460Z] [INFO] [BotManager] Disconnected 1 bots
[2025-07-22T08:35:42.249Z] [INFO] [pyFatherAi] [test.py] test.py ����� � ������

[2025-07-22T08:35:42.253Z] [INFO] [pyFatherAi] [test.py] test.py �������: Привет, Test!

[2025-07-22T08:39:07.568Z] [INFO] [pyFatherAi] [test.py] test.py ����� � ������
test.py �������: Привет, Test!

[2025-07-22T08:39:58.654Z] [INFO] [pyFatherAi] [test.py] test.py ����� � ������
[test.py]: Привет, Test!

[2025-07-22T08:41:20.763Z] [INFO] [pyFatherAi] [test.py] test.py ����� � ������
[test.py]: Привет, Test!

[2025-07-22T09:08:00.848Z] [INFO] [BotManager] Creating bot: Urawa1 on 57.128.201.180:8323
[2025-07-22T09:08:01.069Z] [ERROR] [pyFatherAi] [ai.py] Traceback (most recent call last):

[2025-07-22T09:08:01.074Z] [ERROR] [pyFatherAi] [ai.py]   File "C:\Users\Dell\Desktop\���������\ddbot.js\src\AI\core\ai.py", line 39, in load_q_table
    with open(Q_TABLE_PATH, "rb") as f:
         ~~~~^^^^^^^^^^^^^^^^^^^^
FileNotFoundError: [Errno 2] No such file or directory: 'C:\\Users\\Dell\\Desktop\\���������\\ddbot.js\\src\\AI\\core\\..\\q_table.pkl'

[2025-07-22T09:08:01.077Z] [ERROR] [pyFatherAi] [ai.py] 
During handling of the above exception, another exception occurred:

Traceback (most recent call last):

[2025-07-22T09:08:01.097Z] [INFO] [BotManager] Bot Urawa1 connected successfully
[2025-07-22T09:08:01.127Z] [ERROR] [pyFatherAi] [ai.py]   File "C:\Users\Dell\Desktop\���������\ddbot.js\src\AI\core\ai.py", line 180, in <module>
    main()
    ~~~~^^
  File "C:\Users\Dell\Desktop\���������\ddbot.js\src\AI\core\ai.py", line 138, in main
    load_q_table()
    ~~~~~~~~~~~~^^

[2025-07-22T09:08:01.128Z] [ERROR] [pyFatherAi] [ai.py]   File "C:\Users\Dell\Desktop\���������\ddbot.js\src\AI\core\ai.py", line 43, in load_q_table
    print(f"\U0001f4c2 Q-������� �� �������, ������������ �����")
    ~~~~~^^^^^^^^^^^^^^^^^^^^^^^^^^^^^^^^^^^^^^^^^^^^^^^^
  File "C:\Users\Dell\AppData\Local\Programs\Python\Python313\Lib\encodings\cp1251.py", line 19, in encode
    return codecs.charmap_encode(input,self.errors,encoding_table)[0]
           ~~~~~~~~~~~~~~~~~~~~~^^^^^^^^^^^^^^^^^^^^^^^^^^^^^^^^^^
UnicodeEncodeError: 'charmap' codec can't encode character '\U0001f4c2' in position 0: character maps to <undefined>

[2025-07-22T09:09:02.762Z] [INFO] [BotManager] Creating bot: Urawa1 on 57.128.201.180:8309
[2025-07-22T09:09:02.986Z] [ERROR] [pyFatherAi] [ai.py] Traceback (most recent call last):

[2025-07-22T09:09:02.987Z] [ERROR] [pyFatherAi] [ai.py]   File "C:\Users\Dell\Desktop\���������\ddbot.js\src\AI\core\ai.py", line 39, in load_q_table
    with open(Q_TABLE_PATH, "rb") as f:
         ~~~~^^^^^^^^^^^^^^^^^^^^
FileNotFoundError: [Errno 2] No such file or directory: 'C:\\Users\\Dell\\Desktop\\���������\\ddbot.js\\src\\AI\\core\\..\\q_table.pkl'

During handling of the above exception, another exception occurred:

Traceback (most recent call last):

[2025-07-22T09:09:02.988Z] [ERROR] [pyFatherAi] [ai.py]   File "C:\Users\Dell\Desktop\���������\ddbot.js\src\AI\core\ai.py", line 180, in <module>
    main()
    ~~~~^^
  File "C:\Users\Dell\Desktop\���������\ddbot.js\src\AI\core\ai.py", line 138, in main
    load_q_table()
    ~~~~~~~~~~~~^^

[2025-07-22T09:09:02.990Z] [ERROR] [pyFatherAi] [ai.py]   File "C:\Users\Dell\Desktop\���������\ddbot.js\src\AI\core\ai.py", line 43, in load_q_table
    print(f"\U0001f4c2 Q-������� �� �������, ������������ �����")
    ~~~~~^^^^^^^^^^^^^^^^^^^^^^^^^^^^^^^^^^^^^^^^^^^^^^^^
  File "C:\Users\Dell\AppData\Local\Programs\Python\Python313\Lib\encodings\cp1251.py", line 19, in encode
    return codecs.charmap_encode(input,self.errors,encoding_table)[0]
           ~~~~~~~~~~~~~~~~~~~~~^^^^^^^^^^^^^^^^^^^^^^^^^^^^^^^^^^
UnicodeEncodeError: 'charmap' codec can't encode character '\U0001f4c2' in position 0: character maps to <undefined>

[2025-07-22T09:09:03.402Z] [INFO] [BotManager] Bot Urawa1 connected successfully
[2025-07-22T09:12:10.034Z] [INFO] [BotManager] Creating bot: Urawa1 on 57.128.201.180:8309
[2025-07-22T09:12:10.221Z] [ERROR] [pyFatherAi] [ai.py] ai.py ready
Q-table not found, using new one

[2025-07-22T09:12:10.594Z] [INFO] [BotManager] Bot Urawa1 connected successfully
[2025-07-22T09:12:13.207Z] [ERROR] [pyFatherAi] [ai.py] Q-table saved to C:\Users\Dell\Desktop\���������\ddbot.js\src\AI\core\..\q_table.pkl

[2025-07-22T09:12:15.637Z] [ERROR] [pyFatherAi] [ai.py] Q-table saved to C:\Users\Dell\Desktop\���������\ddbot.js\src\AI\core\..\q_table.pkl

[2025-07-22T09:12:17.757Z] [ERROR] [pyFatherAi] [ai.py] Q-table saved to C:\Users\Dell\Desktop\���������\ddbot.js\src\AI\core\..\q_table.pkl

[2025-07-22T09:12:20.357Z] [ERROR] [pyFatherAi] [ai.py] Q-table saved to C:\Users\Dell\Desktop\���������\ddbot.js\src\AI\core\..\q_table.pkl

[2025-07-22T09:12:22.357Z] [ERROR] [pyFatherAi] [ai.py] Q-table saved to C:\Users\Dell\Desktop\���������\ddbot.js\src\AI\core\..\q_table.pkl

[2025-07-22T09:12:24.633Z] [ERROR] [pyFatherAi] [ai.py] Q-table saved to C:\Users\Dell\Desktop\���������\ddbot.js\src\AI\core\..\q_table.pkl

[2025-07-22T09:12:26.916Z] [ERROR] [pyFatherAi] [ai.py] Q-table saved to C:\Users\Dell\Desktop\���������\ddbot.js\src\AI\core\..\q_table.pkl

[2025-07-22T09:12:29.437Z] [ERROR] [pyFatherAi] [ai.py] Q-table saved to C:\Users\Dell\Desktop\���������\ddbot.js\src\AI\core\..\q_table.pkl

[2025-07-22T09:12:31.525Z] [ERROR] [pyFatherAi] [ai.py] Q-table saved to C:\Users\Dell\Desktop\���������\ddbot.js\src\AI\core\..\q_table.pkl

[2025-07-22T09:12:33.676Z] [ERROR] [pyFatherAi] [ai.py] Q-table saved to C:\Users\Dell\Desktop\���������\ddbot.js\src\AI\core\..\q_table.pkl

[2025-07-22T09:12:36.477Z] [ERROR] [pyFatherAi] [ai.py] Q-table saved to C:\Users\Dell\Desktop\���������\ddbot.js\src\AI\core\..\q_table.pkl

[2025-07-22T09:12:39.716Z] [ERROR] [pyFatherAi] [ai.py] Q-table saved to C:\Users\Dell\Desktop\���������\ddbot.js\src\AI\core\..\q_table.pkl

[2025-07-22T09:13:02.722Z] [INFO] [BotManager] Creating bot: Urawa1 on 57.128.201.180:8309
[2025-07-22T09:13:02.997Z] [ERROR] [pyFatherAi] [ai.py] ai.py ready

[2025-07-22T09:13:03.005Z] [ERROR] [pyFatherAi] [ai.py] Q-table loaded from C:\Users\Dell\Desktop\���������\ddbot.js\src\AI\core\..\q_table.pkl

[2025-07-22T09:13:03.211Z] [INFO] [BotManager] Bot Urawa1 connected successfully
[2025-07-22T09:13:05.438Z] [ERROR] [pyFatherAi] [ai.py] Q-table saved to C:\Users\Dell\Desktop\���������\ddbot.js\src\AI\core\..\q_table.pkl

[2025-07-22T09:13:07.638Z] [ERROR] [pyFatherAi] [ai.py] Q-table saved to C:\Users\Dell\Desktop\���������\ddbot.js\src\AI\core\..\q_table.pkl

[2025-07-22T09:13:09.638Z] [ERROR] [pyFatherAi] [ai.py] Q-table saved to C:\Users\Dell\Desktop\���������\ddbot.js\src\AI\core\..\q_table.pkl

[2025-07-22T09:13:12.126Z] [ERROR] [pyFatherAi] [ai.py] Q-table saved to C:\Users\Dell\Desktop\���������\ddbot.js\src\AI\core\..\q_table.pkl

[2025-07-22T09:13:14.839Z] [ERROR] [pyFatherAi] [ai.py] Q-table saved to C:\Users\Dell\Desktop\���������\ddbot.js\src\AI\core\..\q_table.pkl

[2025-07-22T09:13:17.318Z] [ERROR] [pyFatherAi] [ai.py] Q-table saved to C:\Users\Dell\Desktop\���������\ddbot.js\src\AI\core\..\q_table.pkl

[2025-07-22T09:13:19.717Z] [ERROR] [pyFatherAi] [ai.py] Q-table saved to C:\Users\Dell\Desktop\���������\ddbot.js\src\AI\core\..\q_table.pkl

[2025-07-22T09:13:21.717Z] [ERROR] [pyFatherAi] [ai.py] Q-table saved to C:\Users\Dell\Desktop\���������\ddbot.js\src\AI\core\..\q_table.pkl

[2025-07-22T09:13:23.759Z] [ERROR] [pyFatherAi] [ai.py] Q-table saved to C:\Users\Dell\Desktop\���������\ddbot.js\src\AI\core\..\q_table.pkl

[2025-07-22T09:13:25.798Z] [ERROR] [pyFatherAi] [ai.py] Q-table saved to C:\Users\Dell\Desktop\���������\ddbot.js\src\AI\core\..\q_table.pkl

[2025-07-22T09:13:27.838Z] [ERROR] [pyFatherAi] [ai.py] Q-table saved to C:\Users\Dell\Desktop\���������\ddbot.js\src\AI\core\..\q_table.pkl

[2025-07-22T09:13:29.837Z] [ERROR] [pyFatherAi] [ai.py] Q-table saved to C:\Users\Dell\Desktop\���������\ddbot.js\src\AI\core\..\q_table.pkl

[2025-07-22T09:13:32.677Z] [ERROR] [pyFatherAi] [ai.py] Q-table saved to C:\Users\Dell\Desktop\���������\ddbot.js\src\AI\core\..\q_table.pkl

[2025-07-22T09:13:54.616Z] [INFO] [BotManager] Creating bot: Urawa1 on 57.128.201.180:8309
[2025-07-22T09:13:54.842Z] [ERROR] [pyFatherAi] [ai.py] ai.py ready

[2025-07-22T09:13:54.843Z] [ERROR] [pyFatherAi] [ai.py] Q-table loaded from C:\Users\Dell\Desktop\���������\ddbot.js\src\AI\core\..\q_table.pkl

[2025-07-22T09:13:55.201Z] [INFO] [BotManager] Bot Urawa1 connected successfully
[2025-07-22T09:13:57.516Z] [ERROR] [pyFatherAi] [ai.py] Q-table saved to C:\Users\Dell\Desktop\���������\ddbot.js\src\AI\core\..\q_table.pkl

[2025-07-22T09:13:59.557Z] [ERROR] [pyFatherAi] [ai.py] Q-table saved to C:\Users\Dell\Desktop\���������\ddbot.js\src\AI\core\..\q_table.pkl

[2025-07-22T09:14:01.636Z] [ERROR] [pyFatherAi] [ai.py] Q-table saved to C:\Users\Dell\Desktop\���������\ddbot.js\src\AI\core\..\q_table.pkl

[2025-07-22T09:14:03.677Z] [ERROR] [pyFatherAi] [ai.py] Q-table saved to C:\Users\Dell\Desktop\���������\ddbot.js\src\AI\core\..\q_table.pkl

[2025-07-22T09:14:05.713Z] [ERROR] [pyFatherAi] [ai.py] Q-table saved to C:\Users\Dell\Desktop\���������\ddbot.js\src\AI\core\..\q_table.pkl

[2025-07-22T09:14:07.916Z] [ERROR] [pyFatherAi] [ai.py] Q-table saved to C:\Users\Dell\Desktop\���������\ddbot.js\src\AI\core\..\q_table.pkl

[2025-07-22T09:14:10.156Z] [ERROR] [pyFatherAi] [ai.py] Q-table saved to C:\Users\Dell\Desktop\���������\ddbot.js\src\AI\core\..\q_table.pkl

[2025-07-22T09:14:13.756Z] [ERROR] [pyFatherAi] [ai.py] Q-table saved to C:\Users\Dell\Desktop\���������\ddbot.js\src\AI\core\..\q_table.pkl

[2025-07-22T09:14:16.236Z] [ERROR] [pyFatherAi] [ai.py] Q-table saved to C:\Users\Dell\Desktop\���������\ddbot.js\src\AI\core\..\q_table.pkl

[2025-07-22T09:14:19.557Z] [ERROR] [pyFatherAi] [ai.py] Q-table saved to C:\Users\Dell\Desktop\���������\ddbot.js\src\AI\core\..\q_table.pkl

[2025-07-22T09:14:22.284Z] [ERROR] [pyFatherAi] [ai.py] Q-table saved to C:\Users\Dell\Desktop\���������\ddbot.js\src\AI\core\..\q_table.pkl

[2025-07-22T09:14:24.556Z] [ERROR] [pyFatherAi] [ai.py] Q-table saved to C:\Users\Dell\Desktop\���������\ddbot.js\src\AI\core\..\q_table.pkl

[2025-07-22T09:19:16.189Z] [INFO] [BotManager] Creating bot: Urawa1 on 57.128.201.180:8309
[2025-07-22T09:19:16.394Z] [ERROR] [pyFatherAi] [ai.py] ai.py ready

[2025-07-22T09:19:16.394Z] [ERROR] [pyFatherAi] [ai.py] Q-table loaded from C:\Users\Dell\Desktop\���������\ddbot.js\src\AI\core\..\q_table.pkl

[2025-07-22T09:19:16.794Z] [INFO] [BotManager] Bot Urawa1 connected successfully
[2025-07-22T09:19:20.036Z] [ERROR] [pyFatherAi] [ai.py] Q-table saved to C:\Users\Dell\Desktop\���������\ddbot.js\src\AI\core\..\q_table.pkl

[2025-07-22T09:19:22.317Z] [ERROR] [pyFatherAi] [ai.py] Q-table saved to C:\Users\Dell\Desktop\���������\ddbot.js\src\AI\core\..\q_table.pkl

[2025-07-22T09:19:24.519Z] [ERROR] [pyFatherAi] [ai.py] Q-table saved to C:\Users\Dell\Desktop\���������\ddbot.js\src\AI\core\..\q_table.pkl

[2025-07-22T09:19:26.717Z] [ERROR] [pyFatherAi] [ai.py] Q-table saved to C:\Users\Dell\Desktop\���������\ddbot.js\src\AI\core\..\q_table.pkl

[2025-07-22T09:19:28.956Z] [ERROR] [pyFatherAi] [ai.py] Q-table saved to C:\Users\Dell\Desktop\���������\ddbot.js\src\AI\core\..\q_table.pkl

[2025-07-22T09:19:31.078Z] [ERROR] [pyFatherAi] [ai.py] Q-table saved to C:\Users\Dell\Desktop\���������\ddbot.js\src\AI\core\..\q_table.pkl

[2025-07-22T09:19:33.077Z] [ERROR] [pyFatherAi] [ai.py] Q-table saved to C:\Users\Dell\Desktop\���������\ddbot.js\src\AI\core\..\q_table.pkl

[2025-07-22T09:19:35.085Z] [ERROR] [pyFatherAi] [ai.py] Q-table saved to C:\Users\Dell\Desktop\���������\ddbot.js\src\AI\core\..\q_table.pkl

[2025-07-22T09:19:37.157Z] [ERROR] [pyFatherAi] [ai.py] Q-table saved to C:\Users\Dell\Desktop\���������\ddbot.js\src\AI\core\..\q_table.pkl

[2025-07-22T09:19:39.323Z] [ERROR] [pyFatherAi] [ai.py] Q-table saved to C:\Users\Dell\Desktop\���������\ddbot.js\src\AI\core\..\q_table.pkl

[2025-07-22T09:19:41.316Z] [ERROR] [pyFatherAi] [ai.py] Q-table saved to C:\Users\Dell\Desktop\���������\ddbot.js\src\AI\core\..\q_table.pkl

[2025-07-22T09:19:43.317Z] [ERROR] [pyFatherAi] [ai.py] Q-table saved to C:\Users\Dell\Desktop\���������\ddbot.js\src\AI\core\..\q_table.pkl

[2025-07-22T09:19:45.365Z] [ERROR] [pyFatherAi] [ai.py] Q-table saved to C:\Users\Dell\Desktop\���������\ddbot.js\src\AI\core\..\q_table.pkl

[2025-07-22T09:19:46.233Z] [INFO] [BotManager] Bot Urawa1 disconnected successfully
[2025-07-22T09:19:46.237Z] [INFO] [BotManager] Disconnected 1 bots
[2025-07-22T09:21:17.351Z] [INFO] [BotManager] Creating bot: Urawa1 on 57.128.201.180:8309
[2025-07-22T09:21:17.556Z] [ERROR] [pyFatherAi] [ai.py] ai.py ready

[2025-07-22T09:21:17.564Z] [ERROR] [pyFatherAi] [ai.py] Q-table loaded from C:\Users\Dell\Desktop\���������\ddbot.js\src\AI\core\..\q_table.pkl

[2025-07-22T09:21:17.994Z] [INFO] [BotManager] Bot Urawa1 connected successfully
[2025-07-22T09:21:20.084Z] [ERROR] [pyFatherAi] [ai.py] Q-table saved to C:\Users\Dell\Desktop\���������\ddbot.js\src\AI\core\..\q_table.pkl

[2025-07-22T09:21:22.405Z] [ERROR] [pyFatherAi] [ai.py] Q-table saved to C:\Users\Dell\Desktop\���������\ddbot.js\src\AI\core\..\q_table.pkl

[2025-07-22T09:21:24.757Z] [ERROR] [pyFatherAi] [ai.py] Q-table saved to C:\Users\Dell\Desktop\���������\ddbot.js\src\AI\core\..\q_table.pkl

[2025-07-22T09:21:30.116Z] [ERROR] [pyFatherAi] [ai.py] Q-table saved to C:\Users\Dell\Desktop\���������\ddbot.js\src\AI\core\..\q_table.pkl

[2025-07-22T09:21:33.515Z] [ERROR] [pyFatherAi] [ai.py] Q-table saved to C:\Users\Dell\Desktop\���������\ddbot.js\src\AI\core\..\q_table.pkl

[2025-07-22T09:21:36.516Z] [ERROR] [pyFatherAi] [ai.py] Q-table saved to C:\Users\Dell\Desktop\���������\ddbot.js\src\AI\core\..\q_table.pkl

[2025-07-22T09:21:40.358Z] [ERROR] [pyFatherAi] [ai.py] Q-table saved to C:\Users\Dell\Desktop\���������\ddbot.js\src\AI\core\..\q_table.pkl

[2025-07-22T09:21:42.476Z] [ERROR] [pyFatherAi] [ai.py] Q-table saved to C:\Users\Dell\Desktop\���������\ddbot.js\src\AI\core\..\q_table.pkl

[2025-07-22T09:21:44.677Z] [ERROR] [pyFatherAi] [ai.py] Q-table saved to C:\Users\Dell\Desktop\���������\ddbot.js\src\AI\core\..\q_table.pkl

[2025-07-22T09:21:46.716Z] [ERROR] [pyFatherAi] [ai.py] Q-table saved to C:\Users\Dell\Desktop\���������\ddbot.js\src\AI\core\..\q_table.pkl

[2025-07-22T09:21:47.386Z] [INFO] [BotManager] Bot Urawa1 disconnected successfully
[2025-07-22T09:21:47.389Z] [INFO] [BotManager] Disconnected 1 bots
[2025-07-22T11:55:07.040Z] [INFO] [BotManager] Creating bot: Urawa1 on 57.128.201.180:8309
[2025-07-22T11:55:07.356Z] [ERROR] [pyFatherAi] [ai.py] ai.py ready

[2025-07-22T11:55:07.357Z] [ERROR] [pyFatherAi] [ai.py] Q-table loaded from C:\Users\Dell\Desktop\���������\ddbot.js\src\AI\core\..\q_table.pkl

[2025-07-22T11:55:07.496Z] [INFO] [BotManager] Bot Urawa1 connected successfully
[2025-07-22T11:55:24.661Z] [ERROR] [pyFatherAi] [ai.py] Q-table saved to C:\Users\Dell\Desktop\���������\ddbot.js\src\AI\core\..\q_table.pkl

[2025-07-22T11:55:27.099Z] [ERROR] [pyFatherAi] [ai.py] Q-table saved to C:\Users\Dell\Desktop\���������\ddbot.js\src\AI\core\..\q_table.pkl

[2025-07-22T11:55:29.192Z] [ERROR] [pyFatherAi] [ai.py] Q-table saved to C:\Users\Dell\Desktop\���������\ddbot.js\src\AI\core\..\q_table.pkl

[2025-07-22T11:55:31.420Z] [ERROR] [pyFatherAi] [ai.py] Q-table saved to C:\Users\Dell\Desktop\���������\ddbot.js\src\AI\core\..\q_table.pkl

[2025-07-22T11:55:33.619Z] [ERROR] [pyFatherAi] [ai.py] Q-table saved to C:\Users\Dell\Desktop\���������\ddbot.js\src\AI\core\..\q_table.pkl

[2025-07-22T11:55:35.618Z] [ERROR] [pyFatherAi] [ai.py] Q-table saved to C:\Users\Dell\Desktop\���������\ddbot.js\src\AI\core\..\q_table.pkl

[2025-07-22T11:55:37.109Z] [INFO] [BotManager] Bot Urawa1 disconnected successfully
[2025-07-22T11:55:37.113Z] [INFO] [BotManager] Disconnected 1 bots
[2025-07-23T09:21:23.691Z] [INFO] [Main] Main started
[2025-07-23T09:21:23.706Z] [INFO] [BotManager] Creating bot: Urawa1 on 57.128.201.180:8323
[2025-07-23T09:21:24.437Z] [INFO] [BotManager] Bot Urawa1 connected successfully
[2025-07-23T09:21:25.064Z] [INFO] [MapDownloader] Fetched map type: novice
[2025-07-23T09:21:25.068Z] [INFO] [MapDownloader] Downloading map from: https://raw.githubusercontent.com/ddnet/ddnet-maps/master/types/novice/maps/Absurd 4.map
[2025-07-23T09:21:25.662Z] [INFO] [MapDownloader] Map "Absurd 4" downloaded and cached.
[2025-07-23T09:21:25.665Z] [INFO] [pyFatherMap] Parsing map from C:\Users\Dell\Desktop\проектики\ddbot.js\data\maps\Absurd 4.map to C:\Users\Dell\Desktop\проектики\ddbot.js\data\parsed\Absurd 4.json
[2025-07-23T09:21:25.689Z] [INFO] [Main] Map downloaded and parsed
[2025-07-23T09:43:46.009Z] [INFO] [Main] Main started
[2025-07-23T09:43:46.017Z] [INFO] [BotManager] Creating bot: Urawa1 on 57.128.201.180:8323
[2025-07-23T09:43:46.629Z] [INFO] [BotManager] Bot Urawa1 connected successfully
[2025-07-23T09:43:47.268Z] [INFO] [MapDownloader] Map "Absurd 4" is already cached.
[2025-07-23T09:43:47.265Z] [INFO] [MapDownloader] Fetched map type: novice
[2025-07-23T09:43:47.268Z] [INFO] [Main] Map already parsed and loaded
[2025-07-23T09:44:36.038Z] [INFO] [BotManager] Bot Urawa1 disconnected successfully
[2025-07-23T09:44:36.038Z] [INFO] [BotManager] Disconnected 1 bots
[2025-07-23T22:23:01.088Z] [INFO] [Main] Main started
[2025-07-23T22:23:01.096Z] [INFO] [BotManager] Creating bot: Towa1 on 45.141.57.31:8365
[2025-07-23T22:23:21.143Z] [INFO] [BotManager] Bot Towa1 disconnected from server, reason: Timed Out. (no packets received for 18901ms)
[2025-07-23T22:23:21.144Z] [INFO] [BotManager] Bot Towa1 will reconnect in 6000ms
[2025-07-23T22:23:28.077Z] [INFO] [MapDownloader] Fetched map type: novice
[2025-07-23T22:23:28.084Z] [INFO] [MapDownloader] Downloading map from: https://raw.githubusercontent.com/ddnet/ddnet-maps/master/types/novice/maps/GlassBox 5.map
[2025-07-23T22:23:28.137Z] [INFO] [MapDownloader] Fetched map type: novice
[2025-07-23T22:23:28.140Z] [INFO] [MapDownloader] Map "GlassBox 5" is already cached.
[2025-07-23T22:23:28.145Z] [INFO] [pyFatherMap] Parsing map from C:\Users\Dell\Desktop\проектики\ddbot.js\data\maps\GlassBox 5.map to C:\Users\Dell\Desktop\проектики\ddbot.js\data\parsed\GlassBox 5.json
[2025-07-23T22:23:28.182Z] [INFO] [Main] Map downloaded and parsed
[2025-07-23T22:23:28.312Z] [INFO] [MapDownloader] Fetched map type: novice
[2025-07-23T22:23:28.314Z] [INFO] [MapDownloader] Map "GlassBox 5" is already cached.
[2025-07-23T22:23:28.316Z] [INFO] [pyFatherMap] Parsing map from C:\Users\Dell\Desktop\проектики\ddbot.js\data\maps\GlassBox 5.map to C:\Users\Dell\Desktop\проектики\ddbot.js\data\parsed\GlassBox 5.json
[2025-07-23T22:23:28.334Z] [INFO] [Main] Map downloaded and parsed
[2025-07-23T22:23:28.381Z] [INFO] [BotManager] Bot Towa1 connected successfully
[2025-07-23T22:23:28.401Z] [INFO] [MapDownloader] Fetched map type: novice
[2025-07-23T22:23:28.403Z] [INFO] [MapDownloader] Map "GlassBox 5" is already cached.
[2025-07-23T22:23:28.405Z] [INFO] [pyFatherMap] Parsing map from C:\Users\Dell\Desktop\проектики\ddbot.js\data\maps\GlassBox 5.map to C:\Users\Dell\Desktop\проектики\ddbot.js\data\parsed\GlassBox 5.json
[2025-07-23T22:23:28.420Z] [INFO] [Main] Map downloaded and parsed
[2025-07-23T22:23:28.950Z] [INFO] [MapDownloader] Map "GlassBox 5" downloaded and cached.
[2025-07-23T22:23:28.954Z] [INFO] [pyFatherMap] Parsing map from C:\Users\Dell\Desktop\проектики\ddbot.js\data\maps\GlassBox 5.map to C:\Users\Dell\Desktop\проектики\ddbot.js\data\parsed\GlassBox 5.json
[2025-07-23T22:23:28.969Z] [INFO] [Main] Map downloaded and parsed
[2025-07-23T22:23:32.504Z] [ERROR] [pyFatherAi] [ai.py] ai.py ready

[2025-07-23T22:23:32.508Z] [ERROR] [pyFatherAi] [ai.py] Q-table loaded from C:\Users\Dell\Desktop\���������\ddbot.js\src\AI\core\..\q_table.pkl

[2025-07-23T22:23:32.530Z] [ERROR] [pyFatherAi] [ai.py] Q-table saved to C:\Users\Dell\Desktop\���������\ddbot.js\src\AI\core\..\q_table.pkl

[2025-07-23T22:23:32.545Z] [ERROR] [pyFatherAi] [ai.py] Q-table saved to C:\Users\Dell\Desktop\���������\ddbot.js\src\AI\core\..\q_table.pkl

[2025-07-23T22:23:32.569Z] [ERROR] [pyFatherAi] [ai.py] Q-table saved to C:\Users\Dell\Desktop\���������\ddbot.js\src\AI\core\..\q_table.pkl

[2025-07-23T22:23:32.885Z] [ERROR] [pyFatherAi] [ai.py] Q-table saved to C:\Users\Dell\Desktop\���������\ddbot.js\src\AI\core\..\q_table.pkl

[2025-07-23T22:23:34.125Z] [ERROR] [pyFatherAi] [ai.py] Q-table saved to C:\Users\Dell\Desktop\���������\ddbot.js\src\AI\core\..\q_table.pkl

[2025-07-23T22:23:35.165Z] [ERROR] [pyFatherAi] [ai.py] Q-table saved to C:\Users\Dell\Desktop\���������\ddbot.js\src\AI\core\..\q_table.pkl

[2025-07-23T22:23:39.362Z] [ERROR] [pyFatherAi] [ai.py] Q-table saved to C:\Users\Dell\Desktop\���������\ddbot.js\src\AI\core\..\q_table.pkl

[2025-07-23T22:23:43.482Z] [ERROR] [pyFatherAi] [ai.py] Q-table saved to C:\Users\Dell\Desktop\���������\ddbot.js\src\AI\core\..\q_table.pkl

[2025-07-23T22:23:44.481Z] [ERROR] [pyFatherAi] [ai.py] Q-table saved to C:\Users\Dell\Desktop\���������\ddbot.js\src\AI\core\..\q_table.pkl

[2025-07-23T22:23:45.490Z] [ERROR] [pyFatherAi] [ai.py] Q-table saved to C:\Users\Dell\Desktop\���������\ddbot.js\src\AI\core\..\q_table.pkl

[2025-07-23T22:23:46.882Z] [ERROR] [pyFatherAi] [ai.py] Q-table saved to C:\Users\Dell\Desktop\���������\ddbot.js\src\AI\core\..\q_table.pkl

[2025-07-23T22:23:48.110Z] [ERROR] [pyFatherAi] [ai.py] Q-table saved to C:\Users\Dell\Desktop\���������\ddbot.js\src\AI\core\..\q_table.pkl

[2025-07-23T22:23:49.078Z] [ERROR] [pyFatherAi] [ai.py] Q-table saved to C:\Users\Dell\Desktop\���������\ddbot.js\src\AI\core\..\q_table.pkl

[2025-07-23T22:23:50.106Z] [ERROR] [pyFatherAi] [ai.py] Q-table saved to C:\Users\Dell\Desktop\���������\ddbot.js\src\AI\core\..\q_table.pkl

[2025-07-23T22:23:51.120Z] [INFO] [BotManager] Bot Towa1 disconnected successfully
[2025-07-23T22:23:51.121Z] [INFO] [BotManager] Disconnected 1 bots
[2025-07-23T22:24:59.593Z] [INFO] [BotManager] Creating bot: Towa1 on 45.141.57.31:8365
[2025-07-23T22:24:59.585Z] [INFO] [Main] Main started
[2025-07-23T22:25:19.645Z] [INFO] [BotManager] Bot Towa1 disconnected from server, reason: Timed Out. (no packets received for 19854ms)
[2025-07-23T22:25:19.645Z] [INFO] [BotManager] Bot Towa1 will reconnect in 6000ms
[2025-07-23T22:25:26.999Z] [INFO] [MapDownloader] Fetched map type: novice
[2025-07-23T22:25:27.005Z] [INFO] [MapDownloader] Map "GlassBox 5" is already cached.
[2025-07-23T22:25:27.007Z] [INFO] [Main] Map already parsed and loaded
[2025-07-23T22:25:27.024Z] [INFO] [MapDownloader] Map "GlassBox 5" is already cached.
[2025-07-23T22:25:27.023Z] [INFO] [MapDownloader] Fetched map type: novice
[2025-07-23T22:25:27.025Z] [INFO] [Main] Map already parsed and loaded
[2025-07-23T22:25:27.164Z] [INFO] [BotManager] Bot Towa1 connected successfully
[2025-07-23T22:25:27.243Z] [INFO] [MapDownloader] Fetched map type: novice
[2025-07-23T22:25:27.246Z] [INFO] [MapDownloader] Map "GlassBox 5" is already cached.
[2025-07-23T22:25:27.247Z] [INFO] [Main] Map already parsed and loaded
[2025-07-23T22:25:27.325Z] [INFO] [MapDownloader] Fetched map type: novice
[2025-07-23T22:25:27.327Z] [INFO] [MapDownloader] Map "GlassBox 5" is already cached.
[2025-07-23T22:25:27.329Z] [INFO] [Main] Map already parsed and loaded
[2025-07-23T22:25:27.806Z] [ERROR] [pyFatherAi] [ai.py] ai.py ready

[2025-07-23T22:25:27.809Z] [ERROR] [pyFatherAi] [ai.py] Q-table loaded from C:\Users\Dell\Desktop\���������\ddbot.js\src\AI\core\..\q_table.pkl

[2025-07-23T22:25:28.484Z] [ERROR] [pyFatherAi] [ai.py] Q-table saved to C:\Users\Dell\Desktop\���������\ddbot.js\src\AI\core\..\q_table.pkl

[2025-07-23T22:25:29.483Z] [ERROR] [pyFatherAi] [ai.py] Q-table saved to C:\Users\Dell\Desktop\���������\ddbot.js\src\AI\core\..\q_table.pkl

[2025-07-23T22:25:30.601Z] [ERROR] [pyFatherAi] [ai.py] Q-table saved to C:\Users\Dell\Desktop\���������\ddbot.js\src\AI\core\..\q_table.pkl

[2025-07-23T22:25:41.350Z] [ERROR] [pyFatherAi] [ai.py] Q-table saved to C:\Users\Dell\Desktop\���������\ddbot.js\src\AI\core\..\q_table.pkl

[2025-07-23T22:25:41.354Z] [ERROR] [pyFatherAi] [ai.py] Q-table saved to C:\Users\Dell\Desktop\���������\ddbot.js\src\AI\core\..\q_table.pkl

[2025-07-23T22:25:41.410Z] [ERROR] [pyFatherAi] [ai.py] Q-table saved to C:\Users\Dell\Desktop\���������\ddbot.js\src\AI\core\..\q_table.pkl

[2025-07-23T22:25:42.828Z] [INFO] [BotManager] Bot Towa1 disconnected successfully
[2025-07-23T22:25:42.829Z] [INFO] [BotManager] Disconnected 1 bots
[2025-07-23T22:26:04.382Z] [INFO] [Main] Main started
[2025-07-23T22:26:05.223Z] [INFO] [BotManager] Creating bot: Towa1 on 45.141.57.31:8360
[2025-07-23T22:26:25.256Z] [INFO] [BotManager] Bot Towa1 disconnected from server, reason: Timed Out. (no packets received for 19879ms)
[2025-07-23T22:26:25.258Z] [INFO] [BotManager] Bot Towa1 will reconnect in 6000ms
[2025-07-23T22:26:32.366Z] [INFO] [BotManager] Bot Towa1 connected successfully
[2025-07-23T22:26:32.998Z] [ERROR] [pyFatherAi] [ai.py] ai.py ready

[2025-07-23T22:26:33.029Z] [ERROR] [pyFatherAi] [ai.py] Q-table loaded from C:\Users\Dell\Desktop\���������\ddbot.js\src\AI\core\..\q_table.pkl

[2025-07-23T22:26:34.194Z] [ERROR] [pyFatherAi] [ai.py] Q-table saved to C:\Users\Dell\Desktop\���������\ddbot.js\src\AI\core\..\q_table.pkl

[2025-07-23T22:26:35.271Z] [ERROR] [pyFatherAi] [ai.py] Q-table saved to C:\Users\Dell\Desktop\���������\ddbot.js\src\AI\core\..\q_table.pkl

[2025-07-23T22:26:36.628Z] [ERROR] [pyFatherAi] [ai.py] Q-table saved to C:\Users\Dell\Desktop\���������\ddbot.js\src\AI\core\..\q_table.pkl

[2025-07-23T22:26:38.186Z] [ERROR] [pyFatherAi] [ai.py] Q-table saved to C:\Users\Dell\Desktop\���������\ddbot.js\src\AI\core\..\q_table.pkl

[2025-07-23T22:26:39.625Z] [ERROR] [pyFatherAi] [ai.py] Q-table saved to C:\Users\Dell\Desktop\���������\ddbot.js\src\AI\core\..\q_table.pkl

[2025-07-23T22:26:40.863Z] [ERROR] [pyFatherAi] [ai.py] Q-table saved to C:\Users\Dell\Desktop\���������\ddbot.js\src\AI\core\..\q_table.pkl

[2025-07-23T22:26:41.867Z] [ERROR] [pyFatherAi] [ai.py] Q-table saved to C:\Users\Dell\Desktop\���������\ddbot.js\src\AI\core\..\q_table.pkl

[2025-07-23T22:26:42.878Z] [ERROR] [pyFatherAi] [ai.py] Q-table saved to C:\Users\Dell\Desktop\���������\ddbot.js\src\AI\core\..\q_table.pkl

[2025-07-23T22:26:44.023Z] [ERROR] [pyFatherAi] [ai.py] Q-table saved to C:\Users\Dell\Desktop\���������\ddbot.js\src\AI\core\..\q_table.pkl

[2025-07-23T22:26:45.078Z] [ERROR] [pyFatherAi] [ai.py] Q-table saved to C:\Users\Dell\Desktop\���������\ddbot.js\src\AI\core\..\q_table.pkl

[2025-07-23T22:26:46.317Z] [ERROR] [pyFatherAi] [ai.py] Q-table saved to C:\Users\Dell\Desktop\���������\ddbot.js\src\AI\core\..\q_table.pkl

[2025-07-23T22:26:47.945Z] [ERROR] [pyFatherAi] [ai.py] Q-table saved to C:\Users\Dell\Desktop\���������\ddbot.js\src\AI\core\..\q_table.pkl

[2025-07-23T22:26:48.963Z] [ERROR] [pyFatherAi] [ai.py] Q-table saved to C:\Users\Dell\Desktop\���������\ddbot.js\src\AI\core\..\q_table.pkl

[2025-07-23T22:26:50.149Z] [ERROR] [pyFatherAi] [ai.py] Q-table saved to C:\Users\Dell\Desktop\���������\ddbot.js\src\AI\core\..\q_table.pkl

[2025-07-23T22:26:51.149Z] [ERROR] [pyFatherAi] [ai.py] Q-table saved to C:\Users\Dell\Desktop\���������\ddbot.js\src\AI\core\..\q_table.pkl

[2025-07-23T22:26:52.153Z] [ERROR] [pyFatherAi] [ai.py] Q-table saved to C:\Users\Dell\Desktop\���������\ddbot.js\src\AI\core\..\q_table.pkl

[2025-07-23T22:26:53.437Z] [INFO] [MapDownloader] Fetched map type: novice
[2025-07-23T22:26:53.447Z] [INFO] [MapDownloader] Downloading map from: https://raw.githubusercontent.com/ddnet/ddnet-maps/master/types/novice/maps/Linear.map
[2025-07-23T22:26:53.467Z] [INFO] [MapDownloader] Fetched map type: novice
[2025-07-23T22:26:53.470Z] [INFO] [MapDownloader] Map "Linear" is already cached.
[2025-07-23T22:26:53.474Z] [INFO] [pyFatherMap] Parsing map from C:\Users\Dell\Desktop\проектики\ddbot.js\data\maps\Linear.map to C:\Users\Dell\Desktop\проектики\ddbot.js\data\parsed\Linear.json
[2025-07-23T22:26:53.508Z] [INFO] [Main] Map downloaded and parsed
[2025-07-23T22:26:53.517Z] [INFO] [MapDownloader] Fetched map type: novice
[2025-07-23T22:26:53.534Z] [INFO] [MapDownloader] Map "Linear" is already cached.
[2025-07-23T22:26:53.546Z] [INFO] [pyFatherMap] Parsing map from C:\Users\Dell\Desktop\проектики\ddbot.js\data\maps\Linear.map to C:\Users\Dell\Desktop\проектики\ddbot.js\data\parsed\Linear.json
[2025-07-23T22:26:53.576Z] [INFO] [Main] Map downloaded and parsed
[2025-07-23T22:26:53.586Z] [INFO] [MapDownloader] Fetched map type: novice
[2025-07-23T22:26:53.595Z] [INFO] [MapDownloader] Map "Linear" is already cached.
[2025-07-23T22:26:53.599Z] [INFO] [pyFatherMap] Parsing map from C:\Users\Dell\Desktop\проектики\ddbot.js\data\maps\Linear.map to C:\Users\Dell\Desktop\проектики\ddbot.js\data\parsed\Linear.json
[2025-07-23T22:26:53.637Z] [INFO] [Main] Map downloaded and parsed
[2025-07-23T22:26:53.691Z] [ERROR] [pyFatherAi] [ai.py] Q-table saved to C:\Users\Dell\Desktop\���������\ddbot.js\src\AI\core\..\q_table.pkl

[2025-07-23T22:26:54.533Z] [INFO] [MapDownloader] Map "Linear" downloaded and cached.
[2025-07-23T22:26:54.536Z] [INFO] [pyFatherMap] Parsing map from C:\Users\Dell\Desktop\проектики\ddbot.js\data\maps\Linear.map to C:\Users\Dell\Desktop\проектики\ddbot.js\data\parsed\Linear.json
[2025-07-23T22:26:54.561Z] [INFO] [Main] Map downloaded and parsed
[2025-07-23T22:26:54.984Z] [ERROR] [pyFatherAi] [ai.py] Q-table saved to C:\Users\Dell\Desktop\���������\ddbot.js\src\AI\core\..\q_table.pkl

[2025-07-23T22:26:55.246Z] [INFO] [BotManager] Bot Towa1 disconnected successfully
[2025-07-23T22:26:55.249Z] [INFO] [BotManager] Disconnected 1 bots
[2025-08-04T23:37:31.755Z] [INFO] [Main] Main started
[2025-08-04T23:37:31.762Z] [INFO] [BotManager] Creating bot: Towa1 on 45.141.57.31:8322
[2025-08-04T23:37:51.816Z] [INFO] [BotManager] Bot Towa1 disconnected from server, reason: Timed Out. (no packets received for 18895ms)
[2025-08-04T23:37:51.818Z] [INFO] [BotManager] Bot Towa1 will reconnect in 6000ms
[2025-08-04T23:37:58.851Z] [INFO] [MapDownloader] Fetched map type: novice
[2025-08-04T23:37:58.860Z] [INFO] [MapDownloader] Downloading map from: https://raw.githubusercontent.com/ddnet/ddnet-maps/master/types/novice/maps/GeRollA.map
[2025-08-04T23:37:58.890Z] [INFO] [MapDownloader] Fetched map type: novice
[2025-08-04T23:37:58.894Z] [INFO] [MapDownloader] Map "GeRollA" is already cached.
[2025-08-04T23:37:58.900Z] [INFO] [pyFatherMap] Parsing map from C:\Users\Dell\Desktop\проектики\ddbot.js\data\maps\GeRollA.map to C:\Users\Dell\Desktop\проектики\ddbot.js\data\parsed\GeRollA.json
[2025-08-04T23:37:58.978Z] [INFO] [Main] Map downloaded and parsed
[2025-08-04T23:37:59.062Z] [INFO] [BotManager] Bot Towa1 connected successfully
[2025-08-04T23:37:59.131Z] [INFO] [MapDownloader] Map "GeRollA" is already cached.
[2025-08-04T23:37:59.174Z] [INFO] [Main] Map downloaded and parsed
[2025-08-04T23:37:59.186Z] [INFO] [MapDownloader] Fetched map type: novice
[2025-08-04T23:37:59.189Z] [INFO] [MapDownloader] Map "GeRollA" is already cached.
[2025-08-04T23:37:59.139Z] [INFO] [pyFatherMap] Parsing map from C:\Users\Dell\Desktop\проектики\ddbot.js\data\maps\GeRollA.map to C:\Users\Dell\Desktop\проектики\ddbot.js\data\parsed\GeRollA.json
[2025-08-04T23:37:59.128Z] [INFO] [MapDownloader] Fetched map type: novice
[2025-08-04T23:37:59.191Z] [INFO] [pyFatherMap] Parsing map from C:\Users\Dell\Desktop\проектики\ddbot.js\data\maps\GeRollA.map to C:\Users\Dell\Desktop\проектики\ddbot.js\data\parsed\GeRollA.json
[2025-08-04T23:37:59.246Z] [INFO] [Main] Map downloaded and parsed
[2025-08-04T23:37:59.979Z] [INFO] [MapDownloader] Map "GeRollA" downloaded and cached.
[2025-08-04T23:37:59.987Z] [INFO] [pyFatherMap] Parsing map from C:\Users\Dell\Desktop\проектики\ddbot.js\data\maps\GeRollA.map to C:\Users\Dell\Desktop\проектики\ddbot.js\data\parsed\GeRollA.json
[2025-08-04T23:38:00.009Z] [INFO] [Main] Map downloaded and parsed
[2025-08-04T23:38:03.634Z] [ERROR] [pyFatherAi] [ai.py] ai.py ready

[2025-08-04T23:38:03.697Z] [ERROR] [pyFatherAi] [ai.py] Q-table loaded from C:\Users\Dell\Desktop\���������\ddbot.js\src\AI\core\..\q_table.pkl

[2025-08-04T23:38:03.765Z] [ERROR] [pyFatherAi] [ai.py] Q-table saved to C:\Users\Dell\Desktop\���������\ddbot.js\src\AI\core\..\q_table.pkl

[2025-08-04T23:38:03.894Z] [ERROR] [pyFatherAi] [ai.py] Q-table saved to C:\Users\Dell\Desktop\���������\ddbot.js\src\AI\core\..\q_table.pkl

[2025-08-04T23:38:04.009Z] [ERROR] [pyFatherAi] [ai.py] Q-table saved to C:\Users\Dell\Desktop\���������\ddbot.js\src\AI\core\..\q_table.pkl

[2025-08-04T23:38:04.059Z] [ERROR] [pyFatherAi] [ai.py] Q-table saved to C:\Users\Dell\Desktop\���������\ddbot.js\src\AI\core\..\q_table.pkl

[2025-08-04T23:38:05.276Z] [ERROR] [pyFatherAi] [ai.py] Q-table saved to C:\Users\Dell\Desktop\���������\ddbot.js\src\AI\core\..\q_table.pkl

[2025-08-04T23:38:06.828Z] [ERROR] [pyFatherAi] [ai.py] Q-table saved to C:\Users\Dell\Desktop\���������\ddbot.js\src\AI\core\..\q_table.pkl

[2025-08-04T23:38:08.107Z] [ERROR] [pyFatherAi] [ai.py] Q-table saved to C:\Users\Dell\Desktop\���������\ddbot.js\src\AI\core\..\q_table.pkl

[2025-08-04T23:38:09.108Z] [ERROR] [pyFatherAi] [ai.py] Q-table saved to C:\Users\Dell\Desktop\���������\ddbot.js\src\AI\core\..\q_table.pkl

[2025-08-04T23:38:10.627Z] [ERROR] [pyFatherAi] [ai.py] Q-table saved to C:\Users\Dell\Desktop\���������\ddbot.js\src\AI\core\..\q_table.pkl

[2025-08-04T23:38:11.834Z] [ERROR] [pyFatherAi] [ai.py] Q-table saved to C:\Users\Dell\Desktop\���������\ddbot.js\src\AI\core\..\q_table.pkl

[2025-08-04T23:38:12.828Z] [ERROR] [pyFatherAi] [ai.py] Q-table saved to C:\Users\Dell\Desktop\���������\ddbot.js\src\AI\core\..\q_table.pkl

[2025-08-04T23:38:13.947Z] [ERROR] [pyFatherAi] [ai.py] Q-table saved to C:\Users\Dell\Desktop\���������\ddbot.js\src\AI\core\..\q_table.pkl

[2025-08-04T23:38:14.948Z] [ERROR] [pyFatherAi] [ai.py] Q-table saved to C:\Users\Dell\Desktop\���������\ddbot.js\src\AI\core\..\q_table.pkl

[2025-08-04T23:38:16.589Z] [ERROR] [pyFatherAi] [ai.py] Q-table saved to C:\Users\Dell\Desktop\���������\ddbot.js\src\AI\core\..\q_table.pkl

[2025-08-04T23:38:17.948Z] [ERROR] [pyFatherAi] [ai.py] Q-table saved to C:\Users\Dell\Desktop\���������\ddbot.js\src\AI\core\..\q_table.pkl

[2025-08-04T23:38:19.190Z] [ERROR] [pyFatherAi] [ai.py] Q-table saved to C:\Users\Dell\Desktop\���������\ddbot.js\src\AI\core\..\q_table.pkl

[2025-08-04T23:38:20.388Z] [ERROR] [pyFatherAi] [ai.py] Q-table saved to C:\Users\Dell\Desktop\���������\ddbot.js\src\AI\core\..\q_table.pkl

[2025-08-04T23:38:21.804Z] [INFO] [BotManager] Bot Towa1 disconnected successfully
[2025-08-04T23:38:21.808Z] [INFO] [BotManager] Disconnected 1 bots
[2025-08-04T23:38:57.950Z] [INFO] [BotManager] Creating bot: Towa1 on 45.141.57.31:8322
[2025-08-04T23:38:57.944Z] [INFO] [Main] Main started
[2025-08-04T23:39:18.007Z] [INFO] [BotManager] Bot Towa1 disconnected from server, reason: Timed Out. (no packets received for 18902ms)
[2025-08-04T23:39:18.008Z] [INFO] [BotManager] Bot Towa1 will reconnect in 6000ms
[2025-08-04T23:39:24.977Z] [INFO] [MapDownloader] Fetched map type: novice
[2025-08-04T23:39:24.984Z] [INFO] [MapDownloader] Map "GeRollA" is already cached.
[2025-08-04T23:39:24.986Z] [INFO] [Main] Map already parsed and loaded
[2025-08-04T23:39:24.995Z] [INFO] [MapDownloader] Map "GeRollA" is already cached.
[2025-08-04T23:39:24.993Z] [INFO] [MapDownloader] Fetched map type: novice
[2025-08-04T23:39:24.999Z] [INFO] [Main] Map already parsed and loaded
[2025-08-04T23:39:25.075Z] [INFO] [BotManager] Bot Towa1 connected successfully
[2025-08-04T23:39:25.098Z] [INFO] [MapDownloader] Fetched map type: novice
[2025-08-04T23:39:25.101Z] [INFO] [MapDownloader] Map "GeRollA" is already cached.
[2025-08-04T23:39:25.103Z] [INFO] [Main] Map already parsed and loaded
[2025-08-04T23:39:25.128Z] [INFO] [MapDownloader] Fetched map type: novice
[2025-08-04T23:39:25.130Z] [INFO] [MapDownloader] Map "GeRollA" is already cached.
[2025-08-04T23:39:25.133Z] [INFO] [Main] Map already parsed and loaded
[2025-08-05T00:30:30.859Z] [INFO] [BotManager] Bot Towa1 disconnected successfully
[2025-08-05T00:30:30.860Z] [INFO] [BotManager] Disconnected 1 bots
[2025-08-06T19:08:11.497Z] [INFO] [Main] Main started
[2025-08-06T19:08:11.503Z] [INFO] [BotManager] Creating bot: Towa1 on 45.141.57.31:8322
[2025-08-06T19:08:29.322Z] [INFO] [BotManager] Bot Towa1 disconnected successfully
[2025-08-06T19:08:29.323Z] [INFO] [BotManager] Disconnected 1 bots
[2025-08-06T19:08:58.277Z] [INFO] [Main] Main started
[2025-08-06T19:08:58.283Z] [INFO] [BotManager] Creating bot: Towa1 on 57.128.201.180:8324
[2025-08-06T19:08:58.812Z] [INFO] [BotManager] Bot Towa1 connected successfully
[2025-08-06T19:09:19.804Z] [INFO] [MapDownloader] Fetched map type: novice
[2025-08-06T19:09:19.808Z] [INFO] [MapDownloader] Map "Linear" is already cached.
[2025-08-06T19:09:19.810Z] [INFO] [Main] Map already parsed and loaded
[2025-08-06T19:17:59.948Z] [INFO] [BotManager] Bot Towa1 disconnected successfully
[2025-08-06T19:17:59.949Z] [INFO] [BotManager] Disconnected 1 bots
[2025-08-06T19:27:48.357Z] [INFO] [Main] Main started
[2025-08-06T19:27:48.362Z] [INFO] [BotManager] Creating bot: Towa1 on 57.128.201.180:8324
[2025-08-06T19:27:49.002Z] [INFO] [BotManager] Bot Towa1 connected successfully
[2025-08-06T19:27:49.317Z] [INFO] [MapDownloader] Fetched map type: novice
[2025-08-06T19:27:49.319Z] [INFO] [MapDownloader] Map "Linear" is already cached.
[2025-08-06T19:27:49.319Z] [INFO] [Main] Map already parsed and loaded
[2025-08-06T19:28:02.032Z] [INFO] [BotManager] Bot Towa1 disconnected successfully
[2025-08-06T19:28:02.033Z] [INFO] [BotManager] Disconnected 1 bots
[2025-08-06T21:11:09.509Z] [INFO] [Main] Main started
[2025-08-06T21:11:09.515Z] [INFO] [BotManager] Creating bot: Towa1 on 57.128.201.180:8324
[2025-08-06T21:11:10.344Z] [INFO] [BotManager] Bot Towa1 connected successfully
[2025-08-06T21:11:31.142Z] [INFO] [MapDownloader] Fetched map type: novice
[2025-08-06T21:11:31.143Z] [INFO] [MapDownloader] Map "Linear" is already cached.
[2025-08-06T21:11:31.144Z] [INFO] [map-core] Map already parsed and loaded
[2025-08-06T21:11:37.850Z] [INFO] [BotManager] Bot Towa1 disconnected successfully
[2025-08-06T21:11:37.851Z] [INFO] [BotManager] Disconnected 1 bots
[2025-08-06T21:12:45.731Z] [INFO] [Main] Main started
[2025-08-06T21:12:45.738Z] [INFO] [BotManager] Creating bot: Towa1 on 57.128.201.180:8324
[2025-08-06T21:12:52.833Z] [INFO] [MapDownloader] Fetched map type: novice
[2025-08-06T21:12:52.835Z] [INFO] [MapDownloader] Map "Linear" is already cached.
[2025-08-06T21:12:52.837Z] [INFO] [MapDownloader] Map "Linear" is already cached.
[2025-08-06T21:12:52.836Z] [INFO] [MapDownloader] Fetched map type: novice
[2025-08-06T21:12:52.835Z] [INFO] [map-core] Map already parsed and loaded
[2025-08-06T21:12:52.837Z] [INFO] [map-core] Map already parsed and loaded
[2025-08-06T21:12:52.857Z] [INFO] [MapDownloader] Fetched map type: novice
[2025-08-06T21:12:52.858Z] [INFO] [MapDownloader] Map "Linear" is already cached.
[2025-08-06T21:12:52.858Z] [INFO] [map-core] Map already parsed and loaded
[2025-08-06T21:12:52.863Z] [INFO] [MapDownloader] Fetched map type: novice
[2025-08-06T21:12:52.864Z] [INFO] [MapDownloader] Map "Linear" is already cached.
[2025-08-06T21:12:52.864Z] [INFO] [map-core] Map already parsed and loaded
[2025-08-06T21:12:52.868Z] [INFO] [MapDownloader] Fetched map type: novice
[2025-08-06T21:12:52.869Z] [INFO] [MapDownloader] Map "Linear" is already cached.
[2025-08-06T21:12:52.869Z] [INFO] [map-core] Map already parsed and loaded
[2025-08-06T21:12:52.923Z] [INFO] [MapDownloader] Map "Linear" is already cached.
[2025-08-06T21:12:52.923Z] [INFO] [map-core] Map already parsed and loaded
[2025-08-06T21:12:52.922Z] [INFO] [MapDownloader] Fetched map type: novice
[2025-08-06T21:12:52.924Z] [INFO] [MapDownloader] Fetched map type: novice
[2025-08-06T21:12:52.925Z] [INFO] [MapDownloader] Map "Linear" is already cached.
[2025-08-06T21:12:52.925Z] [INFO] [map-core] Map already parsed and loaded
[2025-08-06T21:12:52.944Z] [INFO] [MapDownloader] Fetched map type: novice
[2025-08-06T21:12:52.944Z] [INFO] [MapDownloader] Map "Linear" is already cached.
[2025-08-06T21:12:52.945Z] [INFO] [map-core] Map already parsed and loaded
[2025-08-06T21:12:52.958Z] [INFO] [MapDownloader] Fetched map type: novice
[2025-08-06T21:12:52.960Z] [INFO] [MapDownloader] Map "Linear" is already cached.
[2025-08-06T21:12:52.961Z] [INFO] [map-core] Map already parsed and loaded
[2025-08-06T21:12:52.962Z] [INFO] [MapDownloader] Fetched map type: novice
[2025-08-06T21:12:52.963Z] [INFO] [MapDownloader] Map "Linear" is already cached.
[2025-08-06T21:12:52.963Z] [INFO] [map-core] Map already parsed and loaded
[2025-08-06T21:12:55.955Z] [INFO] [BotManager] Bot Towa1 disconnected successfully
[2025-08-06T21:12:55.956Z] [INFO] [BotManager] Disconnected 1 bots
[2025-08-06T21:14:35.096Z] [INFO] [Main] Main started
[2025-08-06T21:14:35.102Z] [INFO] [BotManager] Creating bot: Towa1 on 57.128.201.180:8324
[2025-08-06T21:14:35.754Z] [INFO] [BotManager] Bot Towa1 connected successfully
[2025-08-06T21:14:36.081Z] [INFO] [MapDownloader] Map "Linear" is already cached.
[2025-08-06T21:14:36.080Z] [INFO] [MapDownloader] Fetched map type: novice
[2025-08-06T21:14:36.082Z] [INFO] [map-core] Map already parsed and loaded
[2025-08-06T21:15:00.346Z] [INFO] [BotManager] Bot Towa1 disconnected successfully
[2025-08-06T21:15:00.346Z] [INFO] [BotManager] Disconnected 1 bots
[2025-08-06T21:15:22.317Z] [INFO] [Main] Main started
[2025-08-06T21:15:22.322Z] [INFO] [BotManager] Creating bot: Towa1 on 57.128.201.180:8324
[2025-08-06T21:15:22.743Z] [INFO] [BotManager] Bot Towa1 connected successfully
[2025-08-06T21:15:23.074Z] [INFO] [MapDownloader] Fetched map type: novice
[2025-08-06T21:15:23.076Z] [INFO] [MapDownloader] Map "Linear" is already cached.
[2025-08-06T21:15:23.077Z] [INFO] [map-core] Map already parsed and loaded
[2025-08-06T21:24:52.900Z] [INFO] [BotManager] Bot Towa1 disconnected successfully
[2025-08-06T21:24:52.901Z] [INFO] [BotManager] Disconnected 1 bots
[2025-08-06T21:25:09.938Z] [INFO] [Main] Main started
[2025-08-06T21:25:09.944Z] [INFO] [BotManager] Creating bot: Towa1 on 57.128.201.180:8324
[2025-08-06T21:25:10.544Z] [INFO] [BotManager] Bot Towa1 connected successfully
[2025-08-06T21:25:31.662Z] [INFO] [MapDownloader] Fetched map type: novice
[2025-08-06T21:25:31.669Z] [INFO] [MapDownloader] Map "Linear" is already cached.
[2025-08-06T21:25:31.671Z] [INFO] [map-core] Map already parsed and loaded
[2025-08-06T21:25:50.884Z] [INFO] [BotManager] Bot Towa1 disconnected successfully
[2025-08-06T21:25:50.885Z] [INFO] [BotManager] Disconnected 1 bots
[2025-08-06T21:25:52.860Z] [INFO] [Main] Main started
[2025-08-06T21:25:52.867Z] [INFO] [BotManager] Creating bot: Towa1 on 57.128.201.180:8324
[2025-08-06T21:25:53.458Z] [INFO] [BotManager] Bot Towa1 connected successfully
[2025-08-06T21:25:53.871Z] [INFO] [MapDownloader] Fetched map type: novice
[2025-08-06T21:25:53.873Z] [INFO] [MapDownloader] Map "Linear" is already cached.
[2025-08-06T21:25:53.873Z] [INFO] [map-core] Map already parsed and loaded
[2025-08-06T21:26:25.141Z] [INFO] [BotManager] Bot Towa1 disconnected successfully
[2025-08-06T21:26:25.142Z] [INFO] [BotManager] Disconnected 1 bots
[2025-08-06T21:27:06.194Z] [INFO] [Main] Main started
[2025-08-06T21:27:06.200Z] [INFO] [BotManager] Creating bot: Towa1 on 57.128.201.180:8324
[2025-08-06T21:27:06.828Z] [INFO] [Main] [object Object]
[2025-08-06T21:27:06.828Z] [INFO] [Main] [object Object]
[2025-08-06T21:27:06.829Z] [INFO] [Main] [object Object]
[2025-08-06T21:27:06.832Z] [INFO] [Main] [object Object]
[2025-08-06T21:27:06.832Z] [INFO] [Main] [object Object]
[2025-08-06T21:27:06.944Z] [INFO] [BotManager] Bot Towa1 connected successfully
[2025-08-06T21:27:07.048Z] [INFO] [Main] [object Object]
[2025-08-06T21:27:07.344Z] [INFO] [MapDownloader] Fetched map type: novice
[2025-08-06T21:27:07.345Z] [INFO] [MapDownloader] Map "Linear" is already cached.
[2025-08-06T21:27:07.346Z] [INFO] [map-core] Map already parsed and loaded
[2025-08-06T21:27:09.303Z] [INFO] [Main] [object Object]
[2025-08-06T21:27:09.679Z] [INFO] [Main] [object Object]
[2025-08-06T21:27:16.818Z] [INFO] [Main] [object Object]
[2025-08-06T21:27:18.543Z] [INFO] [Main] [object Object]
[2025-08-06T21:27:18.544Z] [INFO] [Main] [object Object]
[2025-08-06T21:27:21.755Z] [INFO] [BotManager] Bot Towa1 disconnected successfully
[2025-08-06T21:27:21.756Z] [INFO] [BotManager] Disconnected 1 bots
[2025-08-06T21:30:14.941Z] [INFO] [BotManager] Creating bot: Towa1 on 57.128.201.180:8324
[2025-08-06T21:30:14.935Z] [INFO] [Main] Main started
[2025-08-06T21:30:15.383Z] [INFO] [Main] 'false' : 'Towa1' entered and joined the game
[2025-08-06T21:30:15.384Z] [INFO] [Main] 'false' : DDraceNetwork Mod. Version: 0.6.4, 19.4
[2025-08-06T21:30:15.384Z] [INFO] [Main] 'false' : please visit DDNet.org or say /info and make sure to read our /rules
[2025-08-06T21:30:15.410Z] [INFO] [Main] 'false' : Do you know someone who uses a bot? Please report them to the moderators.
[2025-08-06T21:30:15.410Z] [INFO] [Main] 'false' : Welcome to DDraceNetwork!
[2025-08-06T21:30:15.564Z] [INFO] [BotManager] Bot Towa1 connected successfully
[2025-08-06T21:30:15.625Z] [INFO] [Main] 'Towa1' : hii! :3
[2025-08-06T21:30:15.955Z] [INFO] [MapDownloader] Fetched map type: novice
[2025-08-06T21:30:15.957Z] [INFO] [MapDownloader] Map "Linear" is already cached.
[2025-08-06T21:30:15.957Z] [INFO] [map-core] Map already parsed and loaded
[2025-08-06T21:30:23.468Z] [INFO] [Main] 'false' : 'ms.аноним' has left the game
[2025-08-06T21:30:24.691Z] [INFO] [Main] 'Stepixx' : hi
[2025-08-06T21:30:39.916Z] [INFO] [Main] 'false' : 'ammkz' entered and joined the game
[2025-08-06T21:30:50.540Z] [INFO] [Main] 'false' : 'ms.аноним' entered and joined the game
[2025-08-06T21:31:04.269Z] [INFO] [Main] 'kirei' : ебаное уебище  в крысу
[2025-08-06T21:31:05.102Z] [INFO] [Main] 'false' : 'JuKKI' would have timed out, but can use timeout protection now
[2025-08-06T21:31:08.151Z] [INFO] [Main] 'false' : 'LOPOFEN' has left the game
[2025-08-06T21:31:22.577Z] [INFO] [BotManager] Bot Towa1 disconnected successfully
[2025-08-06T21:31:22.577Z] [INFO] [BotManager] Disconnected 1 bots
[2025-08-06T21:33:36.407Z] [INFO] [Main] Main started
[2025-08-06T21:33:36.413Z] [INFO] [BotManager] Creating bot: Towa1 on 57.128.201.180:8324
[2025-08-06T21:33:36.836Z] [INFO] [Main] 'system' : 'Towa1' entered and joined the game
[2025-08-06T21:33:36.837Z] [INFO] [Main] 'system' : DDraceNetwork Mod. Version: 0.6.4, 19.4
[2025-08-06T21:33:36.837Z] [INFO] [Main] 'system' : please visit DDNet.org or say /info and make sure to read our /rules
[2025-08-06T21:33:36.853Z] [INFO] [Main] 'system' : Do you know someone who uses a bot? Please report them to the moderators.
[2025-08-06T21:33:36.853Z] [INFO] [Main] 'system' : Welcome to DDraceNetwork!
[2025-08-06T21:33:36.959Z] [INFO] [BotManager] Bot Towa1 connected successfully
[2025-08-06T21:33:37.080Z] [INFO] [Main] 'Towa1' : hii! :3
[2025-08-06T21:33:37.940Z] [INFO] [Main] 'system' : 'дракоша' entered and joined the game
[2025-08-06T21:33:37.990Z] [INFO] [Main] 'system' : 'дракоша' has left the game (You have been banned (VPN detected, try connecting without. Visit ddnet.org/vpn))
[2025-08-06T21:33:41.381Z] [INFO] [Main] 'system' : 'GHOST2.0' entered and joined the game
[2025-08-06T21:33:44.507Z] [INFO] [MapDownloader] Fetched map type: novice
[2025-08-06T21:33:44.508Z] [INFO] [MapDownloader] Map "Linear" is already cached.
[2025-08-06T21:33:44.509Z] [INFO] [map-core] Map already parsed and loaded
[2025-08-06T21:33:48.382Z] [INFO] [Main] 'ammkz' : зачем
[2025-08-06T21:33:49.142Z] [INFO] [Main] 'чмырь' : го мир??
[2025-08-06T21:33:51.582Z] [INFO] [Main] 'system' : 'whu' would have timed out, but can use timeout protection now
[2025-08-06T21:33:52.340Z] [INFO] [Main] 'kirei' : ок
[2025-08-06T21:34:08.768Z] [INFO] [Main] 'хуй соси' : кароч мир
[2025-08-06T21:34:16.350Z] [INFO] [Main] 'system' : ammkz finished in: 2 minute(s) 35.72 second(s)
[2025-08-06T21:34:33.174Z] [INFO] [BotManager] Bot Towa1 disconnected successfully
[2025-08-06T21:34:33.174Z] [INFO] [BotManager] Disconnected 1 bots
[2025-08-06T21:37:30.973Z] [INFO] [Main] Main started
[2025-08-06T21:37:30.980Z] [INFO] [BotManager] Creating bot: Towa1 on 57.128.201.180:8324
[2025-08-06T21:37:34.717Z] [INFO] [MapDownloader] Fetched map type: novice
[2025-08-06T21:37:34.722Z] [INFO] [MapDownloader] Map "Linear" is already cached.
[2025-08-06T21:37:34.723Z] [INFO] [map-core] Map already parsed and loaded
[2025-08-06T21:37:34.825Z] [INFO] [MapDownloader] Fetched map type: novice
[2025-08-06T21:37:34.827Z] [INFO] [MapDownloader] Map "Linear" is already cached.
[2025-08-06T21:37:34.830Z] [INFO] [MapDownloader] Fetched map type: novice
[2025-08-06T21:37:34.832Z] [INFO] [MapDownloader] Map "Linear" is already cached.
[2025-08-06T21:37:34.828Z] [INFO] [map-core] Map already parsed and loaded
[2025-08-06T21:37:34.833Z] [INFO] [map-core] Map already parsed and loaded
[2025-08-06T21:37:34.874Z] [INFO] [MapDownloader] Fetched map type: novice
[2025-08-06T21:37:34.875Z] [INFO] [MapDownloader] Map "Linear" is already cached.
[2025-08-06T21:37:34.877Z] [INFO] [map-core] Map already parsed and loaded
[2025-08-06T21:37:34.935Z] [INFO] [MapDownloader] Map "Linear" is already cached.
[2025-08-06T21:37:34.933Z] [INFO] [MapDownloader] Fetched map type: novice
[2025-08-06T21:37:34.936Z] [INFO] [map-core] Map already parsed and loaded
[2025-08-06T21:37:55.511Z] [INFO] [BotManager] Bot Towa1 disconnected successfully
[2025-08-06T21:37:55.513Z] [INFO] [BotManager] Disconnected 1 bots
[2025-08-06T21:38:28.041Z] [INFO] [BotManager] Creating bot: Towa1 on 57.128.201.180:8324
[2025-08-06T21:38:28.034Z] [INFO] [Main] Main started
[2025-08-06T21:38:29.066Z] [INFO] [Main] 'system' : 'Towa1' entered and joined the game
[2025-08-06T21:38:29.067Z] [INFO] [Main] 'system' : DDraceNetwork Mod. Version: 0.6.4, 19.4
[2025-08-06T21:38:29.067Z] [INFO] [Main] 'system' : please visit DDNet.org or say /info and make sure to read our /rules
[2025-08-06T21:38:29.155Z] [INFO] [Main] 'system' : Do you know someone who uses a bot? Please report them to the moderators.
[2025-08-06T21:38:29.157Z] [INFO] [BotManager] Bot Towa1 connected successfully
[2025-08-06T21:38:29.156Z] [INFO] [Main] 'system' : Welcome to DDraceNetwork!
[2025-08-06T21:38:29.463Z] [INFO] [Main] 'Towa1' : hii! :3
[2025-08-06T21:38:29.631Z] [INFO] [MapDownloader] Fetched map type: novice
[2025-08-06T21:38:29.633Z] [INFO] [MapDownloader] Map "Linear" is already cached.
[2025-08-06T21:38:29.633Z] [INFO] [map-core] Map already parsed and loaded
[2025-08-06T21:38:29.637Z] [INFO] [Main] 'system' : '世嘉77' has left the game
[2025-08-06T21:38:44.902Z] [INFO] [Main] 'system' : 'whu' would have timed out, but can use timeout protection now
[2025-08-06T21:38:49.393Z] [INFO] [Main] 'system' : 'uyuy93872' has left the game
[2025-08-06T21:38:59.597Z] [INFO] [Main] 'system' : 'ПУПСЯ' would have timed out, but can use timeout protection now
[2025-08-06T21:39:16.059Z] [INFO] [BotManager] Bot Towa1 disconnected successfully
[2025-08-06T21:39:16.060Z] [INFO] [BotManager] Disconnected 1 bots
[2025-08-06T21:40:01.366Z] [INFO] [Main] Main started
[2025-08-06T21:40:01.377Z] [INFO] [BotManager] Creating bot: Towa1 on 57.128.201.180:8324
[2025-08-06T21:40:02.211Z] [INFO] [Main] 'system' : 'Towa1' entered and joined the game
[2025-08-06T21:40:02.212Z] [INFO] [Main] 'system' : please visit DDNet.org or say /info and make sure to read our /rules
[2025-08-06T21:40:02.211Z] [INFO] [Main] 'system' : DDraceNetwork Mod. Version: 0.6.4, 19.4
[2025-08-06T21:40:02.231Z] [INFO] [Main] 'system' : Do you know someone who uses a bot? Please report them to the moderators.
[2025-08-06T21:40:02.231Z] [INFO] [Main] 'system' : Welcome to DDraceNetwork!
[2025-08-06T21:40:02.388Z] [INFO] [BotManager] Bot Towa1 connected successfully
[2025-08-06T21:40:02.472Z] [INFO] [Main] 'Towa1' : hii! :3
[2025-08-06T21:40:04.371Z] [INFO] [BotManager] Bot Towa1 disconnected successfully
[2025-08-06T21:40:04.371Z] [INFO] [BotManager] Disconnected 1 bots
[2025-08-06T21:40:32.937Z] [INFO] [Main] Main started
[2025-08-06T21:40:32.943Z] [INFO] [BotManager] Creating bot: Towa1 on 26.230.124.233:8303
[2025-08-06T21:40:33.043Z] [INFO] [Main] 'system' : 'Towa1' entered and joined the game
[2025-08-06T21:40:33.044Z] [INFO] [Main] 'system' : DDraceNetwork Mod. Version: 0.6.4, 19.2
[2025-08-06T21:40:33.044Z] [INFO] [Main] 'system' : please visit DDNet.org or say /info and make sure to read our /rules
[2025-08-06T21:40:33.060Z] [INFO] [Main] 'system' : Do you know someone who uses a bot? Please report them to the moderators.
[2025-08-06T21:40:33.061Z] [INFO] [Main] 'system' : Welcome to my server!
[2025-08-06T21:40:33.261Z] [INFO] [BotManager] Bot Towa1 connected successfully
[2025-08-06T21:40:33.307Z] [INFO] [Main] 'Towa1' : hii! :3
[2025-08-06T21:40:33.659Z] [INFO] [MapDownloader] Fetched map type: novice
[2025-08-06T21:40:33.661Z] [INFO] [MapDownloader] Map "Linear" is already cached.
[2025-08-06T21:40:33.662Z] [INFO] [map-core] Map already parsed and loaded
[2025-08-06T21:41:05.938Z] [INFO] [Main] 'system' : You are now in a solo part
[2025-08-06T21:41:34.938Z] [INFO] [BotManager] Bot Towa1 disconnected successfully
[2025-08-06T21:41:34.939Z] [INFO] [BotManager] Disconnected 1 bots
